{
  "stats": {
    "suites": 1,
    "tests": 3,
    "passes": 3,
    "pending": 0,
    "failures": 0,
    "start": "2025-06-16T16:15:14.029Z",
    "end": "2025-06-16T16:15:29.207Z",
    "duration": 15178,
    "testsRegistered": 3,
    "passPercent": 100,
    "pendingPercent": 0,
    "other": 0,
    "hasOther": false,
    "skipped": 0,
    "hasSkipped": false
  },
  "results": [
    {
      "uuid": "1f4cecdb-fd45-4c2a-b478-3ec3e79b5b45",
      "title": "",
      "fullFile": "cypress\\e2e\\ocr_api\\upload_api.cy.js",
      "file": "cypress\\e2e\\ocr_api\\upload_api.cy.js",
      "beforeHooks": [],
      "afterHooks": [],
      "tests": [],
      "suites": [
        {
          "uuid": "f333d862-2ab5-4ee8-993e-60517edc9be4",
          "title": "📦 Testes de Upload via OCR API",
          "fullFile": "",
          "file": "",
          "beforeHooks": [],
          "afterHooks": [],
          "tests": [
            {
              "title": "✅ Upload de arquivo válido",
              "fullTitle": "📦 Testes de Upload via OCR API ✅ Upload de arquivo válido",
              "timedOut": null,
              "duration": 122,
              "state": "passed",
              "speed": "fast",
              "pass": true,
              "fail": false,
              "pending": false,
              "context": null,
              "code": "_UploadApiPage.default.enviarArquivo('documento_valido.pdf', 200);",
              "err": {},
              "uuid": "b7dc70ea-e57d-4300-8ca7-dd94596e2d55",
              "parentUUID": "f333d862-2ab5-4ee8-993e-60517edc9be4",
              "isHook": false,
              "skipped": false
            },
            {
              "title": "❌ Upload com falha por tamanho excedido (>10MB)",
              "fullTitle": "📦 Testes de Upload via OCR API ❌ Upload com falha por tamanho excedido (>10MB)",
              "timedOut": null,
              "duration": 13783,
              "state": "passed",
              "speed": "slow",
              "pass": true,
              "fail": false,
              "pending": false,
              "context": null,
              "code": "_UploadApiPage.default.enviarArquivo('documento_invalido_maior_10mb.pdf', 413);",
              "err": {},
              "uuid": "02c1ad19-6833-430a-8e27-da7f6a0b3f78",
              "parentUUID": "f333d862-2ab5-4ee8-993e-60517edc9be4",
              "isHook": false,
              "skipped": false
            },
            {
              "title": "❌ Simulação de falha no OCR (resposta 500)",
              "fullTitle": "📦 Testes de Upload via OCR API ❌ Simulação de falha no OCR (resposta 500)",
              "timedOut": null,
              "duration": 1206,
              "state": "passed",
              "speed": "fast",
              "pass": true,
              "fail": false,
              "pending": false,
              "context": null,
              "code": "it('Deve simular erro 500 na API OCR e validar fallback', () => {\n  _UploadApiPage.default.mockErro500(); // intercepta antes da chamada\n  _UploadApiPage.default.uploadArquivoValidoComErroEsperado(500);\n});",
              "err": {},
              "uuid": "9fa407fd-d43c-4fd2-86c4-09dcb1bf6bdd",
              "parentUUID": "f333d862-2ab5-4ee8-993e-60517edc9be4",
              "isHook": false,
              "skipped": false
            }
          ],
          "suites": [],
          "passes": [
            "b7dc70ea-e57d-4300-8ca7-dd94596e2d55",
            "02c1ad19-6833-430a-8e27-da7f6a0b3f78",
            "9fa407fd-d43c-4fd2-86c4-09dcb1bf6bdd"
          ],
          "failures": [],
          "pending": [],
          "skipped": [],
          "duration": 15111,
          "root": false,
          "rootEmpty": false,
          "_timeout": 2000
        }
      ],
      "passes": [],
      "failures": [],
      "pending": [],
      "skipped": [],
      "duration": 0,
      "root": true,
      "rootEmpty": true,
      "_timeout": 2000
    }
  ],
  "meta": {
    "mocha": {
      "version": "7.0.1"
    },
    "mochawesome": {
      "options": {
        "quiet": false,
        "reportFilename": "mochawesome",
        "saveHtml": false,
        "saveJson": true,
        "consoleReporter": "spec",
        "useInlineDiffs": false,
        "code": true
      },
      "version": "7.1.3"
    },
    "marge": {
      "options": {
        "reportDir": "cypress\\reports\\.jsons",
        "overwrite": false,
        "html": false,
        "json": true
      },
      "version": "6.2.0"
    }
  }
}